{"synthetic": false,
 "schemaVersion": "2025-09-10",
 "outputs":
 {"o": ["a42b1d2b9146a449.olean"],
  "i": "2424cde910ad27bc.ilean",
  "c": "d1e29aab2be3029d.c"},
 "log":
 [{"message":
   ".> LEAN_PATH=C:\\Users\\Anubhav\\Downloads\\Lean4\\Arithmetic_Formalization\\.lake\\packages\\Cli\\.lake\\build\\lib\\lean;C:\\Users\\Anubhav\\Downloads\\Lean4\\Arithmetic_Formalization\\.lake\\packages\\batteries\\.lake\\build\\lib\\lean;C:\\Users\\Anubhav\\Downloads\\Lean4\\Arithmetic_Formalization\\.lake\\packages\\Qq\\.lake\\build\\lib\\lean;C:\\Users\\Anubhav\\Downloads\\Lean4\\Arithmetic_Formalization\\.lake\\packages\\aesop\\.lake\\build\\lib\\lean;C:\\Users\\Anubhav\\Downloads\\Lean4\\Arithmetic_Formalization\\.lake\\packages\\proofwidgets\\.lake\\build\\lib\\lean;C:\\Users\\Anubhav\\Downloads\\Lean4\\Arithmetic_Formalization\\.lake\\packages\\importGraph\\.lake\\build\\lib\\lean;C:\\Users\\Anubhav\\Downloads\\Lean4\\Arithmetic_Formalization\\.lake\\packages\\LeanSearchClient\\.lake\\build\\lib\\lean;C:\\Users\\Anubhav\\Downloads\\Lean4\\Arithmetic_Formalization\\.lake\\packages\\plausible\\.lake\\build\\lib\\lean;C:\\Users\\Anubhav\\Downloads\\Lean4\\Arithmetic_Formalization\\.lake\\packages\\mathlib\\.lake\\build\\lib\\lean;C:\\Users\\Anubhav\\Downloads\\Lean4\\Arithmetic_Formalization\\.lake\\build\\lib\\lean c:\\Users\\Anubhav\\.elan\\toolchains\\leanprover--lean4---v4.29.1\\bin\\lean.exe C:\\Users\\Anubhav\\Downloads\\Lean4\\Arithmetic_Formalization\\Arithmetic_Formalization\\Addition.lean -o C:\\Users\\Anubhav\\Downloads\\Lean4\\Arithmetic_Formalization\\.lake\\build\\lib\\lean\\Arithmetic_Formalization\\Addition.olean -i C:\\Users\\Anubhav\\Downloads\\Lean4\\Arithmetic_Formalization\\.lake\\build\\lib\\lean\\Arithmetic_Formalization\\Addition.ilean -c C:\\Users\\Anubhav\\Downloads\\Lean4\\Arithmetic_Formalization\\.lake\\build\\ir\\Arithmetic_Formalization\\Addition.c --setup C:\\Users\\Anubhav\\Downloads\\Lean4\\Arithmetic_Formalization\\.lake\\build\\ir\\Arithmetic_Formalization\\Addition.setup.json --json",
   "level": "trace"},
  {"message": "Arithmetic_Formalization/Addition.lean:127:0: (5, true)",
   "level": "info"},
  {"message": "Arithmetic_Formalization/Addition.lean:128:0: (7, false)",
   "level": "info"},
  {"message": "Arithmetic_Formalization/Addition.lean:129:0: (9, true)",
   "level": "info"},
  {"message": "Arithmetic_Formalization/Addition.lean:195:0: 1014",
   "level": "info"},
  {"message": "Arithmetic_Formalization/Addition.lean:200:0: 277",
   "level": "info"},
  {"message": "Arithmetic_Formalization/Addition.lean:205:0: 1000",
   "level": "info"}],
 "inputs":
 [["Arithmetic_Formalization.Addition:deps",
   [["deps",
     [["Arithmetic_Formalization/Arithmetic_Formalization:extraDep",
       [["@Arithmetic_Formalization:extraDep", "00000000000006bb"]]],
      ["imports",
       [["Mathlib.Tactic transitive imports (legacy)", "7d3f8149d40d02f7"],
        ["Mathlib.Tactic:importAllArts", "8033b5d46c2dd76a"],
        ["Arithmetic_Formalization.Foundations transitive imports (legacy)",
         "7261709dcebcb679"],
        ["Arithmetic_Formalization.Foundations:importAllArts",
         "75f4cc24d7df6f12"]]]]],
    ["libs",
     [["import dynlibs", "00000000000006bb"],
      ["package external libraries", "00000000000006bb"],
      ["module dynlibs", "00000000000006bb"],
      ["module plugins", "00000000000006bb"]]]]],
  ["Lean 4.29.1, commit f72c35b3f637c8c6571d353742168ab66cc22c00",
   "fa77a35a41db35c0"],
  ["C:\\Users\\Anubhav\\Downloads\\Lean4\\Arithmetic_Formalization\\Arithmetic_Formalization\\Addition.lean",
   "2094970e2dc5fe36"],
  ["options",
   [["-DmaxSynthPendingDepth=3", "c78e353d34de85d4"],
    ["-Dweak.linter.mathlibStandardSet=true", "8a155799906f2b42"],
    ["-DrelaxedAutoImplicit=false", "74a2b5546b55be80"],
    ["-Dpp.unicode.fun=true", "9b94070140457fab"]]],
  ["isModule: false", "feefd2a0d3a1847e"],
  ["Module.name: Arithmetic_Formalization.Addition", "80fad69cb3bb9995"],
  ["Package.id?: (some Arithmetic_Formalization)", "f3655d0ef3df9223"],
  ["Module.leanArgs: #[]", "00000000000006bb"]],
 "depHash": "ffe5777fbeb45b0d"}