{"synthetic": false,
 "schemaVersion": "2025-09-10",
 "outputs":
 {"o": ["a7a53c42c9a20820.olean"],
  "i": "f7051db2eaf02dc6.ilean",
  "c": "74a4477bfa72a8ba.c"},
 "log":
 [{"message":
   ".> LEAN_PATH=C:\\Users\\Anubhav\\Downloads\\Lean4\\Arithmetic_Formalization\\.lake\\packages\\Cli\\.lake\\build\\lib\\lean;C:\\Users\\Anubhav\\Downloads\\Lean4\\Arithmetic_Formalization\\.lake\\packages\\batteries\\.lake\\build\\lib\\lean;C:\\Users\\Anubhav\\Downloads\\Lean4\\Arithmetic_Formalization\\.lake\\packages\\Qq\\.lake\\build\\lib\\lean;C:\\Users\\Anubhav\\Downloads\\Lean4\\Arithmetic_Formalization\\.lake\\packages\\aesop\\.lake\\build\\lib\\lean;C:\\Users\\Anubhav\\Downloads\\Lean4\\Arithmetic_Formalization\\.lake\\packages\\proofwidgets\\.lake\\build\\lib\\lean;C:\\Users\\Anubhav\\Downloads\\Lean4\\Arithmetic_Formalization\\.lake\\packages\\importGraph\\.lake\\build\\lib\\lean;C:\\Users\\Anubhav\\Downloads\\Lean4\\Arithmetic_Formalization\\.lake\\packages\\LeanSearchClient\\.lake\\build\\lib\\lean;C:\\Users\\Anubhav\\Downloads\\Lean4\\Arithmetic_Formalization\\.lake\\packages\\plausible\\.lake\\build\\lib\\lean;C:\\Users\\Anubhav\\Downloads\\Lean4\\Arithmetic_Formalization\\.lake\\packages\\mathlib\\.lake\\build\\lib\\lean;C:\\Users\\Anubhav\\Downloads\\Lean4\\Arithmetic_Formalization\\.lake\\build\\lib\\lean c:\\Users\\Anubhav\\.elan\\toolchains\\leanprover--lean4---v4.29.1\\bin\\lean.exe C:\\Users\\Anubhav\\Downloads\\Lean4\\Arithmetic_Formalization\\Arithmetic_Formalization\\Foundations.lean -o C:\\Users\\Anubhav\\Downloads\\Lean4\\Arithmetic_Formalization\\.lake\\build\\lib\\lean\\Arithmetic_Formalization\\Foundations.olean -i C:\\Users\\Anubhav\\Downloads\\Lean4\\Arithmetic_Formalization\\.lake\\build\\lib\\lean\\Arithmetic_Formalization\\Foundations.ilean -c C:\\Users\\Anubhav\\Downloads\\Lean4\\Arithmetic_Formalization\\.lake\\build\\ir\\Arithmetic_Formalization\\Foundations.c --setup C:\\Users\\Anubhav\\Downloads\\Lean4\\Arithmetic_Formalization\\.lake\\build\\ir\\Arithmetic_Formalization\\Foundations.setup.json --json",
   "level": "trace"},
  {"message": "Arithmetic_Formalization/Foundations.lean:12:0: 1234",
   "level": "info"}],
 "inputs":
 [["Arithmetic_Formalization.Foundations:deps",
   [["deps",
     [["Arithmetic_Formalization/Arithmetic_Formalization:extraDep",
       [["@Arithmetic_Formalization:extraDep", "00000000000006bb"]]],
      ["imports", "00000000000006bb"]]],
    ["libs",
     [["import dynlibs", "00000000000006bb"],
      ["package external libraries", "00000000000006bb"],
      ["module dynlibs", "00000000000006bb"],
      ["module plugins", "00000000000006bb"]]]]],
  ["Lean 4.29.1, commit f72c35b3f637c8c6571d353742168ab66cc22c00",
   "fa77a35a41db35c0"],
  ["C:\\Users\\Anubhav\\Downloads\\Lean4\\Arithmetic_Formalization\\Arithmetic_Formalization\\Foundations.lean",
   "ba24f51c94a0ca1e"],
  ["options",
   [["-DmaxSynthPendingDepth=3", "c78e353d34de85d4"],
    ["-Dweak.linter.mathlibStandardSet=true", "8a155799906f2b42"],
    ["-DrelaxedAutoImplicit=false", "74a2b5546b55be80"],
    ["-Dpp.unicode.fun=true", "9b94070140457fab"]]],
  ["isModule: false", "feefd2a0d3a1847e"],
  ["Module.name: Arithmetic_Formalization.Foundations", "6ddc724db0b9a2ad"],
  ["Package.id?: (some Arithmetic_Formalization)", "f3655d0ef3df9223"],
  ["Module.leanArgs: #[]", "00000000000006bb"]],
 "depHash": "30917d32c24c6707"}