{"synthetic": false,
 "schemaVersion": "2025-09-10",
 "outputs":
 {"o": ["3f448d8f27ff01d7.olean"],
  "i": "10496f4e3d3e16cb.ilean",
  "c": "734d678eb5390a6d.c"},
 "log":
 [{"message":
   ".> LEAN_PATH=C:\\Users\\Anubhav\\Downloads\\Lean4\\Arithmetic_Formalization\\.lake\\packages\\Cli\\.lake\\build\\lib\\lean;C:\\Users\\Anubhav\\Downloads\\Lean4\\Arithmetic_Formalization\\.lake\\packages\\batteries\\.lake\\build\\lib\\lean;C:\\Users\\Anubhav\\Downloads\\Lean4\\Arithmetic_Formalization\\.lake\\packages\\Qq\\.lake\\build\\lib\\lean;C:\\Users\\Anubhav\\Downloads\\Lean4\\Arithmetic_Formalization\\.lake\\packages\\aesop\\.lake\\build\\lib\\lean;C:\\Users\\Anubhav\\Downloads\\Lean4\\Arithmetic_Formalization\\.lake\\packages\\proofwidgets\\.lake\\build\\lib\\lean;C:\\Users\\Anubhav\\Downloads\\Lean4\\Arithmetic_Formalization\\.lake\\packages\\importGraph\\.lake\\build\\lib\\lean;C:\\Users\\Anubhav\\Downloads\\Lean4\\Arithmetic_Formalization\\.lake\\packages\\LeanSearchClient\\.lake\\build\\lib\\lean;C:\\Users\\Anubhav\\Downloads\\Lean4\\Arithmetic_Formalization\\.lake\\packages\\plausible\\.lake\\build\\lib\\lean;C:\\Users\\Anubhav\\Downloads\\Lean4\\Arithmetic_Formalization\\.lake\\packages\\mathlib\\.lake\\build\\lib\\lean;C:\\Users\\Anubhav\\Downloads\\Lean4\\Arithmetic_Formalization\\.lake\\build\\lib\\lean c:\\Users\\Anubhav\\.elan\\toolchains\\leanprover--lean4---v4.29.1\\bin\\lean.exe C:\\Users\\Anubhav\\Downloads\\Lean4\\Arithmetic_Formalization\\Arithmetic_Formalization\\Visualization\\basicsWidget.lean -o C:\\Users\\Anubhav\\Downloads\\Lean4\\Arithmetic_Formalization\\.lake\\build\\lib\\lean\\Arithmetic_Formalization\\Visualization\\basicsWidget.olean -i C:\\Users\\Anubhav\\Downloads\\Lean4\\Arithmetic_Formalization\\.lake\\build\\lib\\lean\\Arithmetic_Formalization\\Visualization\\basicsWidget.ilean -c C:\\Users\\Anubhav\\Downloads\\Lean4\\Arithmetic_Formalization\\.lake\\build\\ir\\Arithmetic_Formalization\\Visualization\\basicsWidget.c --setup C:\\Users\\Anubhav\\Downloads\\Lean4\\Arithmetic_Formalization\\.lake\\build\\ir\\Arithmetic_Formalization\\Visualization\\basicsWidget.setup.json --json",
   "level": "trace"},
  {"message":
   "Arithmetic_Formalization/Visualization/basicsWidget.lean:24:0: `#`-commands, such as '#html', are not allowed in 'Mathlib'\n\nNote: This linter can be disabled with `set_option linter.hashCommand false`",
   "level": "warning"},
  {"message":
   "Arithmetic_Formalization/Visualization/basicsWidget.lean:37:0: `#`-commands, such as '#html', are not allowed in 'Mathlib'\n\nNote: This linter can be disabled with `set_option linter.hashCommand false`",
   "level": "warning"}],
 "inputs":
 [["Arithmetic_Formalization.Visualization.basicsWidget:deps",
   [["deps",
     [["Arithmetic_Formalization/Arithmetic_Formalization:extraDep",
       [["@Arithmetic_Formalization:extraDep", "00000000000006bb"]]],
      ["imports",
       [["ProofWidgets transitive imports (legacy)", "fb4617fd00062f57"],
        ["ProofWidgets:importAllArts", "96a54b76a337bf22"],
        ["Arithmetic_Formalization.Foundations transitive imports (legacy)",
         "7261709dcebcb679"],
        ["Arithmetic_Formalization.Foundations:importAllArts",
         "75f4cc24d7df6f12"]]]]],
    ["libs",
     [["import dynlibs", "00000000000006bb"],
      ["package external libraries", "00000000000006bb"],
      ["module dynlibs", "00000000000006bb"],
      ["module plugins", "00000000000006bb"]]]]],
  ["Lean 4.29.1, commit f72c35b3f637c8c6571d353742168ab66cc22c00",
   "fa77a35a41db35c0"],
  ["C:\\Users\\Anubhav\\Downloads\\Lean4\\Arithmetic_Formalization\\Arithmetic_Formalization\\Visualization\\basicsWidget.lean",
   "071ec81c47d546be"],
  ["options",
   [["-DmaxSynthPendingDepth=3", "c78e353d34de85d4"],
    ["-Dweak.linter.mathlibStandardSet=true", "8a155799906f2b42"],
    ["-DrelaxedAutoImplicit=false", "74a2b5546b55be80"],
    ["-Dpp.unicode.fun=true", "9b94070140457fab"]]],
  ["isModule: false", "feefd2a0d3a1847e"],
  ["Module.name: Arithmetic_Formalization.Visualization.basicsWidget",
   "b2af0ba1d384ace4"],
  ["Package.id?: (some Arithmetic_Formalization)", "f3655d0ef3df9223"],
  ["Module.leanArgs: #[]", "00000000000006bb"]],
 "depHash": "10b383f50b4f79d0"}